23:43:58: Creating resource group General
23:43:58: Creating resource group Internal
23:43:58: Creating resource group Autodetect
23:43:58: Registering ResourceManager for type Mesh
23:43:58: Registering ResourceManager for type Material
23:43:58: Registering ResourceManager for type Skeleton
23:44:03: XMLMeshSerializer reading mesh data from C:\Projects\Games\Runner\AdvancedOgreFramework\bin\Debug\models\Cube.3578.mesh.xml...
23:44:06: Reading geometry...
23:44:15: Geometry done...
23:44:15: Reading submeshes...
23:44:16: Submeshes done.
23:44:16: Reading mesh names...
23:44:16: Mesh names done.
23:44:16: XMLMeshSerializer import successful.
23:44:16: Reorganising vertex buffers to automatic layout...
23:44:23: MeshSerializer writing mesh data to stream ...
23:44:23: File header written.
23:44:23: Writing mesh data...
23:44:23: Writing submesh...
23:44:23: Exporting submesh texture aliases...
23:44:23: Submesh texture aliases exported.
23:44:23: Submesh exported.
23:44:23: Exporting bounds information....
23:44:23: Bounds information exported.
23:44:23: Exporting submesh name table...
23:44:23: Submesh name table exported.
23:44:23: Exporting edge lists...
23:44:23: Edge lists exported
23:44:23: Mesh data exported.
23:44:23: MeshSerializer export successful.
23:44:23: Unregistering ResourceManager for type Skeleton
23:44:23: Unregistering ResourceManager for type Material
23:44:23: Unregistering ResourceManager for type Mesh
